TN:
SF:/Users/Jean-Philippe/Workspace/camp2_exercises/06_react_redux/01_es6_fundamentals/01_aquarium/01_aquarium.js
FN:3,(anonymous_0)
FN:8,(anonymous_1)
FN:12,(anonymous_2)
FN:16,(anonymous_3)
FN:18,(anonymous_4)
FN:19,(anonymous_5)
FN:24,(anonymous_6)
FN:32,(anonymous_7)
FN:38,(anonymous_8)
FN:57,(anonymous_9)
FNF:10
FNH:10
FNDA:5,(anonymous_0)
FNDA:1,(anonymous_1)
FNDA:1,(anonymous_2)
FNDA:5,(anonymous_3)
FNDA:10,(anonymous_4)
FNDA:10,(anonymous_5)
FNDA:2,(anonymous_6)
FNDA:7,(anonymous_7)
FNDA:10,(anonymous_8)
FNDA:4,(anonymous_9)
DA:4,5
DA:5,5
DA:9,1
DA:13,1
DA:17,5
DA:18,10
DA:19,5
DA:20,10
DA:25,2
DA:26,5
DA:33,7
DA:34,7
DA:35,7
DA:39,10
DA:40,5
DA:41,5
DA:43,5
DA:44,5
DA:45,5
DA:46,5
DA:47,5
DA:48,5
DA:49,5
DA:58,4
DA:62,1
DA:63,1
DA:64,1
DA:65,1
DA:66,1
DA:68,1
LF:30
LH:30
BRDA:39,0,0,5
BRDA:39,0,1,5
BRDA:44,1,0,10
BRDA:44,1,1,8
BRDA:46,2,0,5
BRDA:46,2,1,0
BRF:6
BRH:5
end_of_record
